<?xml version="1.0" encoding="UTF-8"?>
<testsuite xmlns:xsi="http://www.w3.org/2001/XMLSchema-instance" xsi:noNamespaceSchemaLocation="https://maven.apache.org/surefire/maven-surefire-plugin/xsd/surefire-test-report-3.0.xsd" version="3.0" name="testrunner.TestRunner" time="84.332" tests="2" errors="0" skipped="0" failures="0">
  <properties>
    <property name="gopherProxySet" value="false"/>
    <property name="awt.toolkit" value="sun.lwawt.macosx.LWCToolkit"/>
    <property name="java.specification.version" value="11"/>
    <property name="sun.cpu.isalist" value=""/>
    <property name="sun.jnu.encoding" value="UTF-8"/>
    <property name="sun.awt.enableExtraMouseButtons" value="true"/>
    <property name="java.class.path" value="/Users/aduarte/Desktop/allure-reports/api/playwright-java-cucumber/target/test-classes:/Users/aduarte/Desktop/allure-reports/api/playwright-java-cucumber/target/classes:/Users/aduarte/.m2/repository/io/cucumber/cucumber-java/7.11.1/cucumber-java-7.11.1.jar:/Users/aduarte/.m2/repository/io/cucumber/cucumber-core/7.11.1/cucumber-core-7.11.1.jar:/Users/aduarte/.m2/repository/io/cucumber/cucumber-gherkin/7.11.1/cucumber-gherkin-7.11.1.jar:/Users/aduarte/.m2/repository/io/cucumber/cucumber-gherkin-messages/7.11.1/cucumber-gherkin-messages-7.11.1.jar:/Users/aduarte/.m2/repository/io/cucumber/messages/21.0.1/messages-21.0.1.jar:/Users/aduarte/.m2/repository/io/cucumber/tag-expressions/5.0.1/tag-expressions-5.0.1.jar:/Users/aduarte/.m2/repository/io/cucumber/cucumber-expressions/16.1.2/cucumber-expressions-16.1.2.jar:/Users/aduarte/.m2/repository/io/cucumber/datatable/7.11.1/datatable-7.11.1.jar:/Users/aduarte/.m2/repository/io/cucumber/cucumber-plugin/7.11.1/cucumber-plugin-7.11.1.jar:/Users/aduarte/.m2/repository/io/cucumber/docstring/7.11.1/docstring-7.11.1.jar:/Users/aduarte/.m2/repository/io/cucumber/html-formatter/20.2.1/html-formatter-20.2.1.jar:/Users/aduarte/.m2/repository/io/cucumber/junit-xml-formatter/0.1.0/junit-xml-formatter-0.1.0.jar:/Users/aduarte/.m2/repository/io/cucumber/ci-environment/9.1.0/ci-environment-9.1.0.jar:/Users/aduarte/.m2/repository/org/apiguardian/apiguardian-api/1.1.2/apiguardian-api-1.1.2.jar:/Users/aduarte/.m2/repository/io/cucumber/cucumber-junit/7.11.1/cucumber-junit-7.11.1.jar:/Users/aduarte/.m2/repository/junit/junit/4.13.2/junit-4.13.2.jar:/Users/aduarte/.m2/repository/org/hamcrest/hamcrest-core/1.3/hamcrest-core-1.3.jar:/Users/aduarte/.m2/repository/com/microsoft/playwright/playwright/1.31.0/playwright-1.31.0.jar:/Users/aduarte/.m2/repository/com/google/code/gson/gson/2.8.9/gson-2.8.9.jar:/Users/aduarte/.m2/repository/org/opentest4j/opentest4j/1.2.0/opentest4j-1.2.0.jar:/Users/aduarte/.m2/repository/com/microsoft/playwright/driver/1.31.0/driver-1.31.0.jar:/Users/aduarte/.m2/repository/com/microsoft/playwright/driver-bundle/1.31.0/driver-bundle-1.31.0.jar:/Users/aduarte/.m2/repository/tech/grasshopper/extentreports-cucumber7-adapter/1.10.1/extentreports-cucumber7-adapter-1.10.1.jar:/Users/aduarte/.m2/repository/com/aventstack/extentreports/5.0.9/extentreports-5.0.9.jar:/Users/aduarte/.m2/repository/io/reactivex/rxjava3/rxjava/3.0.4/rxjava-3.0.4.jar:/Users/aduarte/.m2/repository/org/reactivestreams/reactive-streams/1.0.3/reactive-streams-1.0.3.jar:/Users/aduarte/.m2/repository/org/freemarker/freemarker/2.3.30/freemarker-2.3.30.jar:/Users/aduarte/.m2/repository/tech/grasshopper/extent-pdf-report/2.9.1/extent-pdf-report-2.9.1.jar:/Users/aduarte/.m2/repository/tech/grasshopper/cucumber-pdf-report/2.11.1/cucumber-pdf-report-2.11.1.jar:/Users/aduarte/.m2/repository/org/apache/pdfbox/pdfbox/2.0.26/pdfbox-2.0.26.jar:/Users/aduarte/.m2/repository/org/apache/pdfbox/fontbox/2.0.26/fontbox-2.0.26.jar:/Users/aduarte/.m2/repository/org/knowm/xchart/xchart/3.8.0/xchart-3.8.0.jar:/Users/aduarte/.m2/repository/de/erichseifert/vectorgraphics2d/VectorGraphics2D/0.13/VectorGraphics2D-0.13.jar:/Users/aduarte/.m2/repository/de/rototor/pdfbox/graphics2d/0.30/graphics2d-0.30.jar:/Users/aduarte/.m2/repository/com/madgag/animated-gif-lib/1.4/animated-gif-lib-1.4.jar:/Users/aduarte/.m2/repository/org/yaml/snakeyaml/1.28/snakeyaml-1.28.jar:/Users/aduarte/.m2/repository/tech/grasshopper/table-layout/1.5.1/table-layout-1.5.1.jar:/Users/aduarte/.m2/repository/tech/grasshopper/rest-assured-cucumber-pdf-report/1.4.1/rest-assured-cucumber-pdf-report-1.4.1.jar:/Users/aduarte/.m2/repository/org/jsoup/jsoup/1.15.3/jsoup-1.15.3.jar:/Users/aduarte/.m2/repository/com/aventstack/klov-reporter/5.0.9/klov-reporter-5.0.9.jar:/Users/aduarte/.m2/repository/org/mongodb/mongodb-driver/3.6.4/mongodb-driver-3.6.4.jar:/Users/aduarte/.m2/repository/org/mongodb/mongodb-driver-core/3.6.4/mongodb-driver-core-3.6.4.jar:/Users/aduarte/.m2/repository/org/mongodb/bson/3.6.4/bson-3.6.4.jar:/Users/aduarte/.m2/repository/org/apache/httpcomponents/httpclient/4.5.13/httpclient-4.5.13.jar:/Users/aduarte/.m2/repository/org/apache/httpcomponents/httpcore/4.4.13/httpcore-4.4.13.jar:/Users/aduarte/.m2/repository/commons-logging/commons-logging/1.2/commons-logging-1.2.jar:/Users/aduarte/.m2/repository/org/apache/httpcomponents/httpmime/4.5.13/httpmime-4.5.13.jar:/Users/aduarte/.m2/repository/tech/grasshopper/htmlextentreporter/1.0.1/htmlextentreporter-1.0.1.jar:/Users/aduarte/.m2/repository/tech/grasshopper/extent-excel-report/1.3.0/extent-excel-report-1.3.0.jar:/Users/aduarte/.m2/repository/org/apache/poi/poi-ooxml/5.2.3/poi-ooxml-5.2.3.jar:/Users/aduarte/.m2/repository/org/apache/poi/poi-ooxml-lite/5.2.3/poi-ooxml-lite-5.2.3.jar:/Users/aduarte/.m2/repository/org/apache/xmlbeans/xmlbeans/5.1.1/xmlbeans-5.1.1.jar:/Users/aduarte/.m2/repository/org/apache/commons/commons-compress/1.21/commons-compress-1.21.jar:/Users/aduarte/.m2/repository/com/github/virtuald/curvesapi/1.07/curvesapi-1.07.jar:/Users/aduarte/.m2/repository/org/projectlombok/lombok/1.18.22/lombok-1.18.22.jar:/Users/aduarte/.m2/repository/org/apache/poi/poi/5.2.3/poi-5.2.3.jar:/Users/aduarte/.m2/repository/commons-codec/commons-codec/1.15/commons-codec-1.15.jar:/Users/aduarte/.m2/repository/org/apache/commons/commons-collections4/4.4/commons-collections4-4.4.jar:/Users/aduarte/.m2/repository/org/apache/commons/commons-math3/3.6.1/commons-math3-3.6.1.jar:/Users/aduarte/.m2/repository/commons-io/commons-io/2.11.0/commons-io-2.11.0.jar:/Users/aduarte/.m2/repository/com/zaxxer/SparseBitSet/1.2/SparseBitSet-1.2.jar:/Users/aduarte/.m2/repository/org/apache/logging/log4j/log4j-api/2.18.0/log4j-api-2.18.0.jar:/Users/aduarte/.m2/repository/io/qameta/allure/allure-cucumber7-jvm/2.24.0/allure-cucumber7-jvm-2.24.0.jar:/Users/aduarte/.m2/repository/io/qameta/allure/allure-java-commons/2.24.0/allure-java-commons-2.24.0.jar:/Users/aduarte/.m2/repository/org/slf4j/slf4j-api/1.7.36/slf4j-api-1.7.36.jar:/Users/aduarte/.m2/repository/io/qameta/allure/allure-model/2.24.0/allure-model-2.24.0.jar:/Users/aduarte/.m2/repository/io/cucumber/gherkin/26.2.0/gherkin-26.2.0.jar:/Users/aduarte/.m2/repository/io/qameta/allure/allure-junit-platform/2.24.0/allure-junit-platform-2.24.0.jar:/Users/aduarte/.m2/repository/org/junit/jupiter/junit-jupiter-api/5.9.2/junit-jupiter-api-5.9.2.jar:/Users/aduarte/.m2/repository/org/junit/platform/junit-platform-commons/1.9.2/junit-platform-commons-1.9.2.jar:/Users/aduarte/.m2/repository/org/junit/platform/junit-platform-launcher/1.9.2/junit-platform-launcher-1.9.2.jar:/Users/aduarte/.m2/repository/org/junit/platform/junit-platform-engine/1.9.2/junit-platform-engine-1.9.2.jar:/Users/aduarte/.m2/repository/io/qameta/allure/allure-test-filter/2.24.0/allure-test-filter-2.24.0.jar:"/>
    <property name="java.vm.vendor" value="Amazon.com Inc."/>
    <property name="sun.arch.data.model" value="64"/>
    <property name="sun.font.fontmanager" value="sun.font.CFontManager"/>
    <property name="java.vendor.url" value="https://aws.amazon.com/corretto/"/>
    <property name="user.timezone" value="America/Costa_Rica"/>
    <property name="java.vm.specification.version" value="11"/>
    <property name="os.name" value="Mac OS X"/>
    <property name="sun.java.launcher" value="SUN_STANDARD"/>
    <property name="user.country" value="CR"/>
    <property name="sun.boot.library.path" value="/Users/aduarte/Library/Java/JavaVirtualMachines/corretto-11.0.23/Contents/Home/lib"/>
    <property name="sun.java.command" value="/Users/aduarte/Desktop/allure-reports/api/playwright-java-cucumber/target/surefire/surefirebooter-20241202165313732_3.jar /Users/aduarte/Desktop/allure-reports/api/playwright-java-cucumber/target/surefire 2024-12-02T16-53-13_682-jvmRun1 surefire-20241202165313732_1tmp surefire_0-20241202165313732_2tmp"/>
    <property name="http.nonProxyHosts" value="local|*.local|169.254/16|*.169.254/16"/>
    <property name="jdk.debug" value="release"/>
    <property name="surefire.test.class.path" value="/Users/aduarte/Desktop/allure-reports/api/playwright-java-cucumber/target/test-classes:/Users/aduarte/Desktop/allure-reports/api/playwright-java-cucumber/target/classes:/Users/aduarte/.m2/repository/io/cucumber/cucumber-java/7.11.1/cucumber-java-7.11.1.jar:/Users/aduarte/.m2/repository/io/cucumber/cucumber-core/7.11.1/cucumber-core-7.11.1.jar:/Users/aduarte/.m2/repository/io/cucumber/cucumber-gherkin/7.11.1/cucumber-gherkin-7.11.1.jar:/Users/aduarte/.m2/repository/io/cucumber/cucumber-gherkin-messages/7.11.1/cucumber-gherkin-messages-7.11.1.jar:/Users/aduarte/.m2/repository/io/cucumber/messages/21.0.1/messages-21.0.1.jar:/Users/aduarte/.m2/repository/io/cucumber/tag-expressions/5.0.1/tag-expressions-5.0.1.jar:/Users/aduarte/.m2/repository/io/cucumber/cucumber-expressions/16.1.2/cucumber-expressions-16.1.2.jar:/Users/aduarte/.m2/repository/io/cucumber/datatable/7.11.1/datatable-7.11.1.jar:/Users/aduarte/.m2/repository/io/cucumber/cucumber-plugin/7.11.1/cucumber-plugin-7.11.1.jar:/Users/aduarte/.m2/repository/io/cucumber/docstring/7.11.1/docstring-7.11.1.jar:/Users/aduarte/.m2/repository/io/cucumber/html-formatter/20.2.1/html-formatter-20.2.1.jar:/Users/aduarte/.m2/repository/io/cucumber/junit-xml-formatter/0.1.0/junit-xml-formatter-0.1.0.jar:/Users/aduarte/.m2/repository/io/cucumber/ci-environment/9.1.0/ci-environment-9.1.0.jar:/Users/aduarte/.m2/repository/org/apiguardian/apiguardian-api/1.1.2/apiguardian-api-1.1.2.jar:/Users/aduarte/.m2/repository/io/cucumber/cucumber-junit/7.11.1/cucumber-junit-7.11.1.jar:/Users/aduarte/.m2/repository/junit/junit/4.13.2/junit-4.13.2.jar:/Users/aduarte/.m2/repository/org/hamcrest/hamcrest-core/1.3/hamcrest-core-1.3.jar:/Users/aduarte/.m2/repository/com/microsoft/playwright/playwright/1.31.0/playwright-1.31.0.jar:/Users/aduarte/.m2/repository/com/google/code/gson/gson/2.8.9/gson-2.8.9.jar:/Users/aduarte/.m2/repository/org/opentest4j/opentest4j/1.2.0/opentest4j-1.2.0.jar:/Users/aduarte/.m2/repository/com/microsoft/playwright/driver/1.31.0/driver-1.31.0.jar:/Users/aduarte/.m2/repository/com/microsoft/playwright/driver-bundle/1.31.0/driver-bundle-1.31.0.jar:/Users/aduarte/.m2/repository/tech/grasshopper/extentreports-cucumber7-adapter/1.10.1/extentreports-cucumber7-adapter-1.10.1.jar:/Users/aduarte/.m2/repository/com/aventstack/extentreports/5.0.9/extentreports-5.0.9.jar:/Users/aduarte/.m2/repository/io/reactivex/rxjava3/rxjava/3.0.4/rxjava-3.0.4.jar:/Users/aduarte/.m2/repository/org/reactivestreams/reactive-streams/1.0.3/reactive-streams-1.0.3.jar:/Users/aduarte/.m2/repository/org/freemarker/freemarker/2.3.30/freemarker-2.3.30.jar:/Users/aduarte/.m2/repository/tech/grasshopper/extent-pdf-report/2.9.1/extent-pdf-report-2.9.1.jar:/Users/aduarte/.m2/repository/tech/grasshopper/cucumber-pdf-report/2.11.1/cucumber-pdf-report-2.11.1.jar:/Users/aduarte/.m2/repository/org/apache/pdfbox/pdfbox/2.0.26/pdfbox-2.0.26.jar:/Users/aduarte/.m2/repository/org/apache/pdfbox/fontbox/2.0.26/fontbox-2.0.26.jar:/Users/aduarte/.m2/repository/org/knowm/xchart/xchart/3.8.0/xchart-3.8.0.jar:/Users/aduarte/.m2/repository/de/erichseifert/vectorgraphics2d/VectorGraphics2D/0.13/VectorGraphics2D-0.13.jar:/Users/aduarte/.m2/repository/de/rototor/pdfbox/graphics2d/0.30/graphics2d-0.30.jar:/Users/aduarte/.m2/repository/com/madgag/animated-gif-lib/1.4/animated-gif-lib-1.4.jar:/Users/aduarte/.m2/repository/org/yaml/snakeyaml/1.28/snakeyaml-1.28.jar:/Users/aduarte/.m2/repository/tech/grasshopper/table-layout/1.5.1/table-layout-1.5.1.jar:/Users/aduarte/.m2/repository/tech/grasshopper/rest-assured-cucumber-pdf-report/1.4.1/rest-assured-cucumber-pdf-report-1.4.1.jar:/Users/aduarte/.m2/repository/org/jsoup/jsoup/1.15.3/jsoup-1.15.3.jar:/Users/aduarte/.m2/repository/com/aventstack/klov-reporter/5.0.9/klov-reporter-5.0.9.jar:/Users/aduarte/.m2/repository/org/mongodb/mongodb-driver/3.6.4/mongodb-driver-3.6.4.jar:/Users/aduarte/.m2/repository/org/mongodb/mongodb-driver-core/3.6.4/mongodb-driver-core-3.6.4.jar:/Users/aduarte/.m2/repository/org/mongodb/bson/3.6.4/bson-3.6.4.jar:/Users/aduarte/.m2/repository/org/apache/httpcomponents/httpclient/4.5.13/httpclient-4.5.13.jar:/Users/aduarte/.m2/repository/org/apache/httpcomponents/httpcore/4.4.13/httpcore-4.4.13.jar:/Users/aduarte/.m2/repository/commons-logging/commons-logging/1.2/commons-logging-1.2.jar:/Users/aduarte/.m2/repository/org/apache/httpcomponents/httpmime/4.5.13/httpmime-4.5.13.jar:/Users/aduarte/.m2/repository/tech/grasshopper/htmlextentreporter/1.0.1/htmlextentreporter-1.0.1.jar:/Users/aduarte/.m2/repository/tech/grasshopper/extent-excel-report/1.3.0/extent-excel-report-1.3.0.jar:/Users/aduarte/.m2/repository/org/apache/poi/poi-ooxml/5.2.3/poi-ooxml-5.2.3.jar:/Users/aduarte/.m2/repository/org/apache/poi/poi-ooxml-lite/5.2.3/poi-ooxml-lite-5.2.3.jar:/Users/aduarte/.m2/repository/org/apache/xmlbeans/xmlbeans/5.1.1/xmlbeans-5.1.1.jar:/Users/aduarte/.m2/repository/org/apache/commons/commons-compress/1.21/commons-compress-1.21.jar:/Users/aduarte/.m2/repository/com/github/virtuald/curvesapi/1.07/curvesapi-1.07.jar:/Users/aduarte/.m2/repository/org/projectlombok/lombok/1.18.22/lombok-1.18.22.jar:/Users/aduarte/.m2/repository/org/apache/poi/poi/5.2.3/poi-5.2.3.jar:/Users/aduarte/.m2/repository/commons-codec/commons-codec/1.15/commons-codec-1.15.jar:/Users/aduarte/.m2/repository/org/apache/commons/commons-collections4/4.4/commons-collections4-4.4.jar:/Users/aduarte/.m2/repository/org/apache/commons/commons-math3/3.6.1/commons-math3-3.6.1.jar:/Users/aduarte/.m2/repository/commons-io/commons-io/2.11.0/commons-io-2.11.0.jar:/Users/aduarte/.m2/repository/com/zaxxer/SparseBitSet/1.2/SparseBitSet-1.2.jar:/Users/aduarte/.m2/repository/org/apache/logging/log4j/log4j-api/2.18.0/log4j-api-2.18.0.jar:/Users/aduarte/.m2/repository/io/qameta/allure/allure-cucumber7-jvm/2.24.0/allure-cucumber7-jvm-2.24.0.jar:/Users/aduarte/.m2/repository/io/qameta/allure/allure-java-commons/2.24.0/allure-java-commons-2.24.0.jar:/Users/aduarte/.m2/repository/org/slf4j/slf4j-api/1.7.36/slf4j-api-1.7.36.jar:/Users/aduarte/.m2/repository/io/qameta/allure/allure-model/2.24.0/allure-model-2.24.0.jar:/Users/aduarte/.m2/repository/io/cucumber/gherkin/26.2.0/gherkin-26.2.0.jar:/Users/aduarte/.m2/repository/io/qameta/allure/allure-junit-platform/2.24.0/allure-junit-platform-2.24.0.jar:/Users/aduarte/.m2/repository/org/junit/jupiter/junit-jupiter-api/5.9.2/junit-jupiter-api-5.9.2.jar:/Users/aduarte/.m2/repository/org/junit/platform/junit-platform-commons/1.9.2/junit-platform-commons-1.9.2.jar:/Users/aduarte/.m2/repository/org/junit/platform/junit-platform-launcher/1.9.2/junit-platform-launcher-1.9.2.jar:/Users/aduarte/.m2/repository/org/junit/platform/junit-platform-engine/1.9.2/junit-platform-engine-1.9.2.jar:/Users/aduarte/.m2/repository/io/qameta/allure/allure-test-filter/2.24.0/allure-test-filter-2.24.0.jar:"/>
    <property name="sun.cpu.endian" value="little"/>
    <property name="user.home" value="/Users/aduarte"/>
    <property name="user.language" value="en"/>
    <property name="java.specification.vendor" value="Oracle Corporation"/>
    <property name="java.version.date" value="2024-04-16"/>
    <property name="java.home" value="/Users/aduarte/Library/Java/JavaVirtualMachines/corretto-11.0.23/Contents/Home"/>
    <property name="file.separator" value="/"/>
    <property name="basedir" value="/Users/aduarte/Desktop/allure-reports/api/playwright-java-cucumber"/>
    <property name="java.vm.compressedOopsMode" value="Zero based"/>
    <property name="line.separator" value="&#10;"/>
    <property name="java.specification.name" value="Java Platform API Specification"/>
    <property name="java.vm.specification.vendor" value="Oracle Corporation"/>
    <property name="java.awt.graphicsenv" value="sun.awt.CGraphicsEnvironment"/>
    <property name="surefire.real.class.path" value="/Users/aduarte/Desktop/allure-reports/api/playwright-java-cucumber/target/surefire/surefirebooter-20241202165313732_3.jar"/>
    <property name="sun.management.compiler" value="HotSpot 64-Bit Tiered Compilers"/>
    <property name="ftp.nonProxyHosts" value="local|*.local|169.254/16|*.169.254/16"/>
    <property name="java.runtime.version" value="11.0.23+9-LTS"/>
    <property name="user.name" value="aduarte"/>
    <property name="path.separator" value=":"/>
    <property name="os.version" value="15.1.1"/>
    <property name="java.runtime.name" value="OpenJDK Runtime Environment"/>
    <property name="file.encoding" value="UTF-8"/>
    <property name="java.vm.name" value="OpenJDK 64-Bit Server VM"/>
    <property name="java.vendor.version" value="Corretto-11.0.23.9.1"/>
    <property name="localRepository" value="/Users/aduarte/.m2/repository"/>
    <property name="java.vendor.url.bug" value="https://github.com/corretto/corretto-11/issues/"/>
    <property name="java.io.tmpdir" value="/var/folders/d3/f94tbggj5j1brxwng5nb92bh0000gp/T/"/>
    <property name="java.version" value="11.0.23"/>
    <property name="user.dir" value="/Users/aduarte/Desktop/allure-reports/api/playwright-java-cucumber"/>
    <property name="os.arch" value="aarch64"/>
    <property name="java.vm.specification.name" value="Java Virtual Machine Specification"/>
    <property name="java.awt.printerjob" value="sun.lwawt.macosx.CPrinterJob"/>
    <property name="sun.os.patch.level" value="unknown"/>
    <property name="java.library.path" value="/Users/aduarte/Library/Java/Extensions:/Library/Java/Extensions:/Network/Library/Java/Extensions:/System/Library/Java/Extensions:/usr/lib/java:."/>
    <property name="java.vm.info" value="mixed mode"/>
    <property name="java.vendor" value="Amazon.com Inc."/>
    <property name="java.vm.version" value="11.0.23+9-LTS"/>
    <property name="java.specification.maintenance.version" value="2"/>
    <property name="sun.io.unicode.encoding" value="UnicodeBig"/>
    <property name="java.class.version" value="55.0"/>
    <property name="socksNonProxyHosts" value="local|*.local|169.254/16|*.169.254/16"/>
  </properties>
  <testcase name="Verify User is able to handle pop up windows, frames and alerts" classname="Verify Alerts, Frame &amp; Windows Page" time="40.313">
    <system-out><![CDATA[
@allure.label.parent_suite:cucumber @allure.label.suite:EssentialFeatures @allure.label.sub_suite:Labels @smoke
Scenario: Verify User is able to handle pop up windows, frames and alerts                                                       &amp#27;[90m# src/test/resources/features/AlertsFrameWindows.feature:7&amp#27;[0m
  &amp#27;[32mGiven &amp#27;[0m&amp#27;[32muser navigates to "&amp#27;[0m&amp#27;[32m&amp#27;[1murl&amp#27;[0m&amp#27;[32m"&amp#27;[0m                                                                                                 &amp#27;[90m# stepdefinitions.LoginSteps.navigateToUrl(java.lang.String)&amp#27;[0m
  &amp#27;[32mWhen &amp#27;[0m&amp#27;[32muser clicks on "&amp#27;[0m&amp#27;[32m&amp#27;[1mAlerts, Frame & Windows&amp#27;[0m&amp#27;[32m" icon in main page&amp#27;[0m                                                               &amp#27;[90m# stepdefinitions.LoginSteps.clickOnIcon(java.lang.String)&amp#27;[0m
  &amp#27;[32mAnd &amp#27;[0m&amp#27;[32muser clicks "&amp#27;[0m&amp#27;[32m&amp#27;[1mBrowser Windows&amp#27;[0m&amp#27;[32m" navbar option in Alerts, Frame & Windows page&amp#27;[0m                                               &amp#27;[90m# stepdefinitions.AlertsFramesWindowsSteps.clickAlertFrameWinNavBar(java.lang.String)&amp#27;[0m
  &amp#27;[32mThen &amp#27;[0m&amp#27;[32mverify "&amp#27;[0m&amp#27;[32m&amp#27;[1mhttps://demoqa.com/sample&amp#27;[0m&amp#27;[32m" is url of new tab opened in Browser Windows section in Alerts, Frame & Windows page&amp#27;[0m   &amp#27;[90m# stepdefinitions.AlertsFramesWindowsSteps.verifyNewTabURL(java.lang.String)&amp#27;[0m
  &amp#27;[32mAnd &amp#27;[0m&amp#27;[32mverify "&amp#27;[0m&amp#27;[32m&amp#27;[1mhttps://demoqa.com/sample&amp#27;[0m&amp#27;[32m" is url of new window opened in Browser Windows section in Alerts, Frame & Windows page&amp#27;[0m &amp#27;[90m# stepdefinitions.AlertsFramesWindowsSteps.verifyNewWinURL(java.lang.String)&amp#27;[0m
  &amp#27;[32mWhen &amp#27;[0m&amp#27;[32muser clicks "&amp#27;[0m&amp#27;[32m&amp#27;[1mAlerts&amp#27;[0m&amp#27;[32m" navbar option in Alerts, Frame & Windows page&amp#27;[0m                                                       &amp#27;[90m# stepdefinitions.AlertsFramesWindowsSteps.clickAlertFrameWinNavBar(java.lang.String)&amp#27;[0m
  &amp#27;[32mAnd &amp#27;[0m&amp#27;[32muser enters "&amp#27;[0m&amp#27;[32m&amp#27;[1mHello&amp#27;[0m&amp#27;[32m" text and accept the alert in Alerts section in Alerts, Frame & Windows page&amp#27;[0m                           &amp#27;[90m# stepdefinitions.AlertsFramesWindowsSteps.enterTextAndAcceptAlert(java.lang.String)&amp#27;[0m
  &amp#27;[32mThen &amp#27;[0m&amp#27;[32mverify "&amp#27;[0m&amp#27;[32m&amp#27;[1mHello&amp#27;[0m&amp#27;[32m" text is accepted in alert in Alerts section in Alerts, Frame & Windows page&amp#27;[0m                               &amp#27;[90m# stepdefinitions.AlertsFramesWindowsSteps.verifyAlertText(java.lang.String)&amp#27;[0m
  &amp#27;[32mWhen &amp#27;[0m&amp#27;[32muser clicks "&amp#27;[0m&amp#27;[32m&amp#27;[1mFrames&amp#27;[0m&amp#27;[32m" navbar option in Alerts, Frame & Windows page&amp#27;[0m                                                       &amp#27;[90m# stepdefinitions.AlertsFramesWindowsSteps.clickAlertFrameWinNavBar(java.lang.String)&amp#27;[0m
  &amp#27;[32mThen &amp#27;[0m&amp#27;[32mverify "&amp#27;[0m&amp#27;[32m&amp#27;[1mThis is a sample page&amp#27;[0m&amp#27;[32m" as frame content in Frames section in Alerts, Frame & Windows page&amp#27;[0m                        &amp#27;[90m# stepdefinitions.AlertsFramesWindowsSteps.verifyFrameText(java.lang.String)&amp#27;[0m
  &amp#27;[32mWhen &amp#27;[0m&amp#27;[32muser clicks "&amp#27;[0m&amp#27;[32m&amp#27;[1mNested Frames&amp#27;[0m&amp#27;[32m" navbar option in Alerts, Frame & Windows page&amp#27;[0m                                                &amp#27;[90m# stepdefinitions.AlertsFramesWindowsSteps.clickAlertFrameWinNavBar(java.lang.String)&amp#27;[0m
  &amp#27;[32mThen &amp#27;[0m&amp#27;[32mverify Nested Child frame is displayed in Nested Frames section in Alerts, Frame & Windows page&amp#27;[0m                          &amp#27;[90m# stepdefinitions.AlertsFramesWindowsSteps.verifyNestedFrameChildText()&amp#27;[0m
]]></system-out>
    <system-err><![CDATA[SLF4J: Failed to load class "org.slf4j.impl.StaticLoggerBinder".
SLF4J: Defaulting to no-operation (NOP) logger implementation
SLF4J: See http://www.slf4j.org/codes.html#StaticLoggerBinder for further details.
]]></system-err>
  </testcase>
  <testcase name="Verify User is interact with Widgets" classname="Verify Widgets Page" time="42.564">
    <system-out><![CDATA[
@smoke
Scenario: Verify User is interact with Widgets                                                        &amp#27;[90m# src/test/resources/features/Widgets.feature:4&amp#27;[0m
  &amp#27;[32mGiven &amp#27;[0m&amp#27;[32muser navigates to "&amp#27;[0m&amp#27;[32m&amp#27;[1murl&amp#27;[0m&amp#27;[32m"&amp#27;[0m                                                                       &amp#27;[90m# stepdefinitions.LoginSteps.navigateToUrl(java.lang.String)&amp#27;[0m
  &amp#27;[32mWhen &amp#27;[0m&amp#27;[32muser clicks on "&amp#27;[0m&amp#27;[32m&amp#27;[1mWidgets&amp#27;[0m&amp#27;[32m" icon in main page&amp#27;[0m                                                     &amp#27;[90m# stepdefinitions.LoginSteps.clickOnIcon(java.lang.String)&amp#27;[0m
  &amp#27;[32mAnd &amp#27;[0m&amp#27;[32muser clicks "&amp#27;[0m&amp#27;[32m&amp#27;[1mAuto Complete&amp#27;[0m&amp#27;[32m" navbar option in Widgets page&amp#27;[0m                                       &amp#27;[90m# stepdefinitions.WidgetsSteps.clickElementNavBar(java.lang.String)&amp#27;[0m
  &amp#27;[32mAnd &amp#27;[0m&amp#27;[32muser enters "&amp#27;[0m&amp#27;[32m&amp#27;[1mBl&amp#27;[0m&amp#27;[32m" in Single color name edit box in Auto Complete section in Widgets page&amp#27;[0m         &amp#27;[90m# stepdefinitions.WidgetsSteps.fillAutocompleteTextField(java.lang.String)&amp#27;[0m
  &amp#27;[32mThen &amp#27;[0m&amp#27;[32mverify Blue color is selected in Single color name in Auto Complete section in Widgets page&amp#27;[0m    &amp#27;[90m# stepdefinitions.WidgetsSteps.verifyBlueColourSelected()&amp#27;[0m
  &amp#27;[32mWhen &amp#27;[0m&amp#27;[32muser clicks "&amp#27;[0m&amp#27;[32m&amp#27;[1mTool Tips&amp#27;[0m&amp#27;[32m" navbar option in Widgets page&amp#27;[0m                                          &amp#27;[90m# stepdefinitions.WidgetsSteps.clickElementNavBar(java.lang.String)&amp#27;[0m
  &amp#27;[32mAnd &amp#27;[0m&amp#27;[32muser hovers over button in Tool Tips section in Widgets page&amp#27;[0m                                    &amp#27;[90m# stepdefinitions.WidgetsSteps.hoverOverButton()&amp#27;[0m
  &amp#27;[32mThen &amp#27;[0m&amp#27;[32mverify "&amp#27;[0m&amp#27;[32m&amp#27;[1mYou hovered over the Button&amp#27;[0m&amp#27;[32m" tooltip is displayed in Tool Tips section in Widgets page&amp#27;[0m &amp#27;[90m# stepdefinitions.WidgetsSteps.verifyTooltip(java.lang.String)&amp#27;[0m
  &amp#27;[32mWhen &amp#27;[0m&amp#27;[32muser clicks "&amp#27;[0m&amp#27;[32m&amp#27;[1mSelect Menu&amp#27;[0m&amp#27;[32m" navbar option in Widgets page&amp#27;[0m                                        &amp#27;[90m# stepdefinitions.WidgetsSteps.clickElementNavBar(java.lang.String)&amp#27;[0m
  &amp#27;[32mAnd &amp#27;[0m&amp#27;[32muser selects "&amp#27;[0m&amp#27;[32m&amp#27;[1mAqua&amp#27;[0m&amp#27;[32m" in Old Style Select Menu in Select Menu section in Widgets page&amp#27;[0m             &amp#27;[90m# stepdefinitions.WidgetsSteps.oldStyleSelectColour(java.lang.String)&amp#27;[0m
]]></system-out>
  </testcase>
</testsuite>